


ARM Macro Assembler    Page 1 


    1 00000000         ;******************** (C) COPYRIGHT 2013 STMicroelectron
                       ics ********************
    2 00000000         ;* File Name          : startup_stm32f40xx.s ##### MODIF
                       IED FOR T2 ####
    3 00000000         ;* Author             : MCD Application Team
    4 00000000         ;* Version            : V1.2.1
    5 00000000         ;* Date               : 19-September-2013
    6 00000000         ;* Description        : STM32F40xx/41xx devices vector t
                       able for MDK-ARM toolchain.
    7 00000000         ;*                      This module performs:
    8 00000000         ;*                      - Set the initial SP
    9 00000000         ;*                      - Set the initial PC == Reset_Ha
                       ndler
   10 00000000         ;*                      - Set the vector table entries w
                       ith the exceptions ISR address
   11 00000000         ;*                      - Configure the system clock
   12 00000000         ;*                      - Branches to __main in the C li
                       brary (which eventually
   13 00000000         ;*                        calls main()).
   14 00000000         ;*                      After Reset the CortexM4 process
                       or is in Thread mode,
   15 00000000         ;*                      priority is Privileged, and the 
                       Stack is set to Main.
   16 00000000         ;* <<< Use Configuration Wizard in Context Menu >>>
   17 00000000         ;*******************************************************
                       ************************
   18 00000000         ;
   19 00000000         ; Licensed under MCD-ST Liberty SW License Agreement V2,
                        (the "License");
   20 00000000         ; You may not use this file except in compliance with th
                       e License.
   21 00000000         ; You may obtain a copy of the License at:
   22 00000000         ;
   23 00000000         ;        http://www.st.com/software_license_agreement_li
                       berty_v2
   24 00000000         ;
   25 00000000         ; Unless required by applicable law or agreed to in writ
                       ing, software
   26 00000000         ; distributed under the License is distributed on an "AS
                        IS" BASIS,
   27 00000000         ; WITHOUT WARRANTIES OR CONDITIONS OF ANY KIND, either e
                       xpress or implied.
   28 00000000         ; See the License for the specific language governing pe
                       rmissions and
   29 00000000         ; limitations under the License.
   30 00000000         ;
   31 00000000         ;*******************************************************
                       ************************
   32 00000000         
   33 00000000         ; Amount of memory (in bytes) allocated for Stack
   34 00000000         ; Tailor this value to your application needs
   35 00000000         ; <h> Stack Configuration
   36 00000000         ;   <o> Stack Size (in Bytes) <0x0-0xFFFFFFFF:8>
   37 00000000         ; </h>
   38 00000000         
   39 00000000                 EXPORT           Stack_Size
   40 00000000                 EXPORT           Stack_Mem
   41 00000000         
   42 00000000 00001000 



ARM Macro Assembler    Page 2 


                       Stack_Size
                               EQU              0x00001000
   43 00000000         
   44 00000000                 AREA             STACK, NOINIT, READWRITE, ALIGN
=3
   45 00000000         Stack_Mem
                               SPACE            Stack_Size
   46 00001000         __initial_sp
   47 00001000         
   48 00001000         
   49 00001000         ; <h> Heap Configuration
   50 00001000         ;   <o>  Heap Size (in Bytes) <0x0-0xFFFFFFFF:8>
   51 00001000         ; </h>
   52 00001000         
   53 00001000 00000200 
                       Heap_Size
                               EQU              0x00000200
   54 00001000         
   55 00001000                 AREA             HEAP, NOINIT, READWRITE, ALIGN=
3
   56 00000000         __heap_base
   57 00000000         Heap_Mem
                               SPACE            Heap_Size
   58 00000200         __heap_limit
   59 00000200         
   60 00000200                 PRESERVE8
   61 00000200                 THUMB
   62 00000200         
   63 00000200         
   64 00000200         ; Vector Table Mapped to Address 0 at Reset
   65 00000200                 AREA             RESET, DATA, READONLY
   66 00000000                 EXPORT           __Vectors
   67 00000000                 EXPORT           __Vectors_End
   68 00000000                 EXPORT           __Vectors_Size
   69 00000000         
   70 00000000 00000000 
                       __Vectors
                               DCD              __initial_sp ; Top of Stack
   71 00000004 00000000        DCD              Reset_Handler ; Reset Handler
   72 00000008 00000000        DCD              NMI_Handler ; NMI Handler
   73 0000000C 00000000        DCD              HardFault_Handler ; Hard Fault 
                                                            Handler
   74 00000010 00000000        DCD              MemManage_Handler 
                                                            ; MPU Fault Handler
                                                            
   75 00000014 00000000        DCD              BusFault_Handler 
                                                            ; Bus Fault Handler
                                                            
   76 00000018 00000000        DCD              UsageFault_Handler ; Usage Faul
                                                            t Handler
   77 0000001C 00000000        DCD              0           ; Reserved
   78 00000020 00000000        DCD              0           ; Reserved
   79 00000024 00000000        DCD              0           ; Reserved
   80 00000028 00000000        DCD              0           ; Reserved
   81 0000002C 00000000        DCD              SVC_Handler ; SVCall Handler
   82 00000030 00000000        DCD              DebugMon_Handler ; Debug Monito
                                                            r Handler
   83 00000034 00000000        DCD              0           ; Reserved
   84 00000038 00000000        DCD              PendSV_Handler ; PendSV Handler



ARM Macro Assembler    Page 3 


                                                            
   85 0000003C 00000000        DCD              SysTick_Handler 
                                                            ; SysTick Handler
   86 00000040         
   87 00000040         ; External Interrupts
   88 00000040 00000000        DCD              WWDG_IRQHandler 
                                                            ; Window WatchDog
   89 00000044 00000000        DCD              PVD_IRQHandler ; PVD through EX
                                                            TI Line detection
   90 00000048 00000000        DCD              TAMP_STAMP_IRQHandler ; Tamper 
                                                            and TimeStamps thro
                                                            ugh the EXTI line
   91 0000004C 00000000        DCD              RTC_WKUP_IRQHandler ; RTC Wakeu
                                                            p through the EXTI 
                                                            line
   92 00000050 00000000        DCD              FLASH_IRQHandler ; FLASH
   93 00000054 00000000        DCD              RCC_IRQHandler ; RCC
   94 00000058 00000000        DCD              EXTI0_IRQHandler ; EXTI Line0
   95 0000005C 00000000        DCD              EXTI1_IRQHandler ; EXTI Line1
   96 00000060 00000000        DCD              EXTI2_IRQHandler ; EXTI Line2
   97 00000064 00000000        DCD              EXTI3_IRQHandler ; EXTI Line3
   98 00000068 00000000        DCD              EXTI4_IRQHandler ; EXTI Line4
   99 0000006C 00000000        DCD              DMA1_Stream0_IRQHandler 
                                                            ; DMA1 Stream 0
  100 00000070 00000000        DCD              DMA1_Stream1_IRQHandler 
                                                            ; DMA1 Stream 1
  101 00000074 00000000        DCD              DMA1_Stream2_IRQHandler 
                                                            ; DMA1 Stream 2
  102 00000078 00000000        DCD              DMA1_Stream3_IRQHandler 
                                                            ; DMA1 Stream 3
  103 0000007C 00000000        DCD              DMA1_Stream4_IRQHandler 
                                                            ; DMA1 Stream 4
  104 00000080 00000000        DCD              DMA1_Stream5_IRQHandler 
                                                            ; DMA1 Stream 5
  105 00000084 00000000        DCD              DMA1_Stream6_IRQHandler 
                                                            ; DMA1 Stream 6
  106 00000088 00000000        DCD              ADC_IRQHandler ; ADC1, ADC2 and
                                                             ADC3s
  107 0000008C 00000000        DCD              CAN1_TX_IRQHandler ; CAN1 TX
  108 00000090 00000000        DCD              CAN1_RX0_IRQHandler ; CAN1 RX0
  109 00000094 00000000        DCD              CAN1_RX1_IRQHandler ; CAN1 RX1
  110 00000098 00000000        DCD              CAN1_SCE_IRQHandler ; CAN1 SCE
  111 0000009C 00000000        DCD              EXTI9_5_IRQHandler ; External L
                                                            ine[9:5]s
  112 000000A0 00000000        DCD              TIM1_BRK_TIM9_IRQHandler ; TIM1
                                                             Break and TIM9
  113 000000A4 00000000        DCD              TIM1_UP_TIM10_IRQHandler ; TIM1
                                                             Update and TIM10
  114 000000A8 00000000        DCD              TIM1_TRG_COM_TIM11_IRQHandler ;
                                                             TIM1 Trigger and C
                                                            ommutation and TIM1
                                                            1
  115 000000AC 00000000        DCD              TIM1_CC_IRQHandler ; TIM1 Captu
                                                            re Compare
  116 000000B0 00000000        DCD              TIM2_IRQHandler ; TIM2
  117 000000B4 00000000        DCD              TIM3_IRQHandler ; TIM3
  118 000000B8 00000000        DCD              TIM4_IRQHandler ; TIM4
  119 000000BC 00000000        DCD              I2C1_EV_IRQHandler ; I2C1 Event
                                                            



ARM Macro Assembler    Page 4 


  120 000000C0 00000000        DCD              I2C1_ER_IRQHandler ; I2C1 Error
                                                            
  121 000000C4 00000000        DCD              I2C2_EV_IRQHandler ; I2C2 Event
                                                            
  122 000000C8 00000000        DCD              I2C2_ER_IRQHandler ; I2C2 Error
                                                            
  123 000000CC 00000000        DCD              SPI1_IRQHandler ; SPI1
  124 000000D0 00000000        DCD              SPI2_IRQHandler ; SPI2
  125 000000D4 00000000        DCD              USART1_IRQHandler ; USART1
  126 000000D8 00000000        DCD              USART2_IRQHandler ; USART2
  127 000000DC 00000000        DCD              USART3_IRQHandler ; USART3
  128 000000E0 00000000        DCD              EXTI15_10_IRQHandler ; External
                                                             Line[15:10]s
  129 000000E4 00000000        DCD              RTC_Alarm_IRQHandler ; RTC Alar
                                                            m (A and B) through
                                                             EXTI Line
  130 000000E8 00000000        DCD              OTG_FS_WKUP_IRQHandler ; USB OT
                                                            G FS Wakeup through
                                                             EXTI line
  131 000000EC 00000000        DCD              TIM8_BRK_TIM12_IRQHandler ; TIM
                                                            8 Break and TIM12
  132 000000F0 00000000        DCD              TIM8_UP_TIM13_IRQHandler ; TIM8
                                                             Update and TIM13
  133 000000F4 00000000        DCD              TIM8_TRG_COM_TIM14_IRQHandler ;
                                                             TIM8 Trigger and C
                                                            ommutation and TIM1
                                                            4
  134 000000F8 00000000        DCD              TIM8_CC_IRQHandler ; TIM8 Captu
                                                            re Compare
  135 000000FC 00000000        DCD              DMA1_Stream7_IRQHandler 
                                                            ; DMA1 Stream7
  136 00000100 00000000        DCD              FSMC_IRQHandler ; FSMC
  137 00000104 00000000        DCD              SDIO_IRQHandler ; SDIO
  138 00000108 00000000        DCD              TIM5_IRQHandler ; TIM5
  139 0000010C 00000000        DCD              SPI3_IRQHandler ; SPI3
  140 00000110 00000000        DCD              UART4_IRQHandler ; UART4
  141 00000114 00000000        DCD              UART5_IRQHandler ; UART5
  142 00000118 00000000        DCD              TIM6_DAC_IRQHandler ; TIM6 and 
                                                            DAC1&2 underrun err
                                                            ors
  143 0000011C 00000000        DCD              TIM7_IRQHandler ; TIM7
  144 00000120 00000000        DCD              DMA2_Stream0_IRQHandler 
                                                            ; DMA2 Stream 0
  145 00000124 00000000        DCD              DMA2_Stream1_IRQHandler 
                                                            ; DMA2 Stream 1
  146 00000128 00000000        DCD              DMA2_Stream2_IRQHandler 
                                                            ; DMA2 Stream 2
  147 0000012C 00000000        DCD              DMA2_Stream3_IRQHandler 
                                                            ; DMA2 Stream 3
  148 00000130 00000000        DCD              DMA2_Stream4_IRQHandler 
                                                            ; DMA2 Stream 4
  149 00000134 00000000        DCD              ETH_IRQHandler ; Ethernet
  150 00000138 00000000        DCD              ETH_WKUP_IRQHandler ; Ethernet 
                                                            Wakeup through EXTI
                                                             line
  151 0000013C 00000000        DCD              CAN2_TX_IRQHandler ; CAN2 TX
  152 00000140 00000000        DCD              CAN2_RX0_IRQHandler ; CAN2 RX0
  153 00000144 00000000        DCD              CAN2_RX1_IRQHandler ; CAN2 RX1
  154 00000148 00000000        DCD              CAN2_SCE_IRQHandler ; CAN2 SCE



ARM Macro Assembler    Page 5 


  155 0000014C 00000000        DCD              OTG_FS_IRQHandler ; USB OTG FS
  156 00000150 00000000        DCD              DMA2_Stream5_IRQHandler 
                                                            ; DMA2 Stream 5
  157 00000154 00000000        DCD              DMA2_Stream6_IRQHandler 
                                                            ; DMA2 Stream 6
  158 00000158 00000000        DCD              DMA2_Stream7_IRQHandler 
                                                            ; DMA2 Stream 7
  159 0000015C 00000000        DCD              USART6_IRQHandler ; USART6
  160 00000160 00000000        DCD              I2C3_EV_IRQHandler ; I2C3 event
                                                            
  161 00000164 00000000        DCD              I2C3_ER_IRQHandler ; I2C3 error
                                                            
  162 00000168 00000000        DCD              OTG_HS_EP1_OUT_IRQHandler ; USB
                                                             OTG HS End Point 1
                                                             Out
  163 0000016C 00000000        DCD              OTG_HS_EP1_IN_IRQHandler ; USB 
                                                            OTG HS End Point 1 
                                                            In
  164 00000170 00000000        DCD              OTG_HS_WKUP_IRQHandler ; USB OT
                                                            G HS Wakeup through
                                                             EXTI
  165 00000174 00000000        DCD              OTG_HS_IRQHandler ; USB OTG HS
  166 00000178 00000000        DCD              DCMI_IRQHandler ; DCMI
  167 0000017C 00000000        DCD              CRYP_IRQHandler ; CRYP crypto
  168 00000180 00000000        DCD              HASH_RNG_IRQHandler 
                                                            ; Hash and Rng
  169 00000184 00000000        DCD              FPU_IRQHandler ; FPU
  170 00000188         
  171 00000188         __Vectors_End
  172 00000188         
  173 00000188 00000188 
                       __Vectors_Size
                               EQU              __Vectors_End - __Vectors
  174 00000188         
  175 00000188 DEADBEEF        DCD              0xDEADBEEF  ; Debug Tag - Remov
                                                            e from release
  176 0000018C C0DEC0DE        DCD              0xC0DEC0DE  ; Variable Size Ima
                                                            ge (0xDEADBEEF to i
                                                            gnore CRC)
  177 00000190 00020000        DCD              0x00020000  ; 128 KB
  178 00000194         
  179 00000194                 AREA             |.text|, CODE, READONLY
  180 00000000         
  181 00000000         ; Reset handler
  182 00000000         Reset_Handler
                               PROC
  183 00000000                 EXPORT           Reset_Handler             [WEAK
]
  184 00000000                 IMPORT           SystemInit
  185 00000000                 IMPORT           __main
  186 00000000 4817            LDR              R0, =SystemInit
  187 00000002 4780            BLX              R0
  188 00000004 4817            LDR              R0, =__main
  189 00000006 4700            BX               R0
  190 00000008                 ENDP
  191 00000008         
  192 00000008         ;*******************************************************
                       **********************
  193 00000008         



ARM Macro Assembler    Page 6 


  194 00000008         SystemReset
                               PROC
  195 00000008                 EXPORT           SystemReset
  196 00000008 4917            ldr              r1, =0xE000ED0C ; NVIC Applicat
                                                            ion Interrupt and C
                                                            ontroller
  197 0000000A 4818            ldr              r0, =0x05FA0004 ; Magic
  198 0000000C 6008            str              r0, [r1, #0] ; Reset
  199 0000000E E7FE            b                .
  200 00000010 4770            bx               lr
  201 00000012                 ENDP
  202 00000012         
  203 00000012         ;*******************************************************
                       **********************
  204 00000012         
  205 00000012 00 00           ALIGN
  206 00000014         
  207 00000014         Reboot_Loader
                               PROC
  208 00000014                 EXPORT           Reboot_Loader
  209 00000014 4816            LDR              R0, =0x40023844 ; RCC_APB2ENR
  210 00000016 F44F 4180       LDR              R1, =0x00004000 ; ENABLE SYSCFG
                                                             CLOCK
  211 0000001A 6001            STR              R1, [R0, #0]
  212 0000001C 4815            LDR              R0, =0x40013800 ; SYSCFG_MEMRMP
                                                            
  213 0000001E F04F 0101       LDR              R1, =0x00000001 
                                                            ; MAP ROM AT ZERO
  214 00000022 6001            STR              R1, [R0, #0]
  215 00000024 4814            LDR              R0, =0x1FFF0000 ; ROM BASE
  216 00000026 F8D0 D000       LDR              SP,[R0, #0]
  217 0000002A 6840            LDR              R0,[R0, #4]
  218 0000002C 4700            BX               R0
  219 0000002E                 ENDP
  220 0000002E         
  221 0000002E         ;*******************************************************
                       **********************
  222 0000002E         
  223 0000002E 00 00           ALIGN
  224 00000030         
  225 00000030         Reboot_Application
                               PROC
  226 00000030                 EXPORT           Reboot_Application
  227 00000030 4812            LDR              R0, =0x08020000
  228 00000032 F8D0 D000       LDR              SP,[R0, #0]
  229 00000036 6840            LDR              R0,[R0, #4]
  230 00000038 4700            BX               R0
  231 0000003A                 ENDP
  232 0000003A         
  233 0000003A         ;*******************************************************
                       **********************
  234 0000003A         
  235 0000003A         ; Dummy Exception Handlers (infinite loops which can be 
                       modified)
  236 0000003A         
  237 0000003A         NMI_Handler
                               PROC
  238 0000003A                 EXPORT           NMI_Handler                [WEA
K]



ARM Macro Assembler    Page 7 


  239 0000003A E7FE            B                .
  240 0000003C                 ENDP
  242 0000003C         HardFault_Handler
                               PROC
  243 0000003C         ;                EXPORT  HardFault_Handler          [WEA
                       K]
  244 0000003C                 EXPORT           HardFault_Handler
  245 0000003C         
  246 0000003C         ; Determine correct stack
  247 0000003C         
  248 0000003C F01E 0F04       TST              lr, #4
  249 00000040 BF0C            ITE              EQ
  250 00000042 F3EF 8008       MRSEQ            R0, MSP     ; Read MSP (Main)
  251 00000046 F3EF 8009       MRSNE            R0, PSP     ; Read PSP (Process
                                                            )
  252 0000004A         
  253 0000004A                 EXTERN           hard_fault_handler_c
  254 0000004A F7FF BFFE       B                hard_fault_handler_c
  255 0000004E         
  256 0000004E E7FE            B                .
  257 00000050                 ENDP
  259 00000050         MemManage_Handler
                               PROC
  260 00000050                 EXPORT           MemManage_Handler          [WEA
K]
  261 00000050 E7FE            B                .
  262 00000052                 ENDP
  264 00000052         BusFault_Handler
                               PROC
  265 00000052                 EXPORT           BusFault_Handler           [WEA
K]
  266 00000052 E7FE            B                .
  267 00000054                 ENDP
  269 00000054         UsageFault_Handler
                               PROC
  270 00000054                 EXPORT           UsageFault_Handler         [WEA
K]
  271 00000054 E7FE            B                .
  272 00000056                 ENDP
  273 00000056         SVC_Handler
                               PROC
  274 00000056                 EXPORT           SVC_Handler                [WEA
K]
  275 00000056 E7FE            B                .
  276 00000058                 ENDP
  278 00000058         DebugMon_Handler
                               PROC
  279 00000058                 EXPORT           DebugMon_Handler           [WEA
K]
  280 00000058 E7FE            B                .
  281 0000005A                 ENDP
  282 0000005A         PendSV_Handler
                               PROC
  283 0000005A                 EXPORT           PendSV_Handler             [WEA
K]
  284 0000005A E7FE            B                .
  285 0000005C                 ENDP
  286 0000005C         SysTick_Handler
                               PROC



ARM Macro Assembler    Page 8 


  287 0000005C                 EXPORT           SysTick_Handler            [WEA
K]
  288 0000005C E7FE            B                .
  289 0000005E                 ENDP
  290 0000005E         
  291 0000005E         Default_Handler
                               PROC
  292 0000005E         
  293 0000005E                 EXPORT           WWDG_IRQHandler                
   [WEAK]
  294 0000005E                 EXPORT           PVD_IRQHandler                 
   [WEAK]
  295 0000005E                 EXPORT           TAMP_STAMP_IRQHandler          
   [WEAK]
  296 0000005E                 EXPORT           RTC_WKUP_IRQHandler            
   [WEAK]
  297 0000005E                 EXPORT           FLASH_IRQHandler               
   [WEAK]
  298 0000005E                 EXPORT           RCC_IRQHandler                 
   [WEAK]
  299 0000005E                 EXPORT           EXTI0_IRQHandler               
   [WEAK]
  300 0000005E                 EXPORT           EXTI1_IRQHandler               
   [WEAK]
  301 0000005E                 EXPORT           EXTI2_IRQHandler               
   [WEAK]
  302 0000005E                 EXPORT           EXTI3_IRQHandler               
   [WEAK]
  303 0000005E                 EXPORT           EXTI4_IRQHandler               
   [WEAK]
  304 0000005E                 EXPORT           DMA1_Stream0_IRQHandler        
   [WEAK]
  305 0000005E                 EXPORT           DMA1_Stream1_IRQHandler        
   [WEAK]
  306 0000005E                 EXPORT           DMA1_Stream2_IRQHandler        
   [WEAK]
  307 0000005E                 EXPORT           DMA1_Stream3_IRQHandler        
   [WEAK]
  308 0000005E                 EXPORT           DMA1_Stream4_IRQHandler        
   [WEAK]
  309 0000005E                 EXPORT           DMA1_Stream5_IRQHandler        
   [WEAK]
  310 0000005E                 EXPORT           DMA1_Stream6_IRQHandler        
   [WEAK]
  311 0000005E                 EXPORT           ADC_IRQHandler                 
   [WEAK]
  312 0000005E                 EXPORT           CAN1_TX_IRQHandler             
   [WEAK]
  313 0000005E                 EXPORT           CAN1_RX0_IRQHandler            
   [WEAK]
  314 0000005E                 EXPORT           CAN1_RX1_IRQHandler            
   [WEAK]
  315 0000005E                 EXPORT           CAN1_SCE_IRQHandler            
   [WEAK]
  316 0000005E                 EXPORT           EXTI9_5_IRQHandler             
   [WEAK]
  317 0000005E                 EXPORT           TIM1_BRK_TIM9_IRQHandler       
   [WEAK]
  318 0000005E                 EXPORT           TIM1_UP_TIM10_IRQHandler       



ARM Macro Assembler    Page 9 


   [WEAK]
  319 0000005E                 EXPORT           TIM1_TRG_COM_TIM11_IRQHandler  
   [WEAK]
  320 0000005E                 EXPORT           TIM1_CC_IRQHandler             
   [WEAK]
  321 0000005E                 EXPORT           TIM2_IRQHandler                
   [WEAK]
  322 0000005E                 EXPORT           TIM3_IRQHandler                
   [WEAK]
  323 0000005E                 EXPORT           TIM4_IRQHandler                
   [WEAK]
  324 0000005E                 EXPORT           I2C1_EV_IRQHandler             
   [WEAK]
  325 0000005E                 EXPORT           I2C1_ER_IRQHandler             
   [WEAK]
  326 0000005E                 EXPORT           I2C2_EV_IRQHandler             
   [WEAK]
  327 0000005E                 EXPORT           I2C2_ER_IRQHandler             
   [WEAK]
  328 0000005E                 EXPORT           SPI1_IRQHandler                
   [WEAK]
  329 0000005E                 EXPORT           SPI2_IRQHandler                
   [WEAK]
  330 0000005E                 EXPORT           USART1_IRQHandler              
   [WEAK]
  331 0000005E                 EXPORT           USART2_IRQHandler              
   [WEAK]
  332 0000005E                 EXPORT           USART3_IRQHandler              
   [WEAK]
  333 0000005E                 EXPORT           EXTI15_10_IRQHandler           
   [WEAK]
  334 0000005E                 EXPORT           RTC_Alarm_IRQHandler           
   [WEAK]
  335 0000005E                 EXPORT           OTG_FS_WKUP_IRQHandler         
   [WEAK]
  336 0000005E                 EXPORT           TIM8_BRK_TIM12_IRQHandler      
   [WEAK]
  337 0000005E                 EXPORT           TIM8_UP_TIM13_IRQHandler       
   [WEAK]
  338 0000005E                 EXPORT           TIM8_TRG_COM_TIM14_IRQHandler  
   [WEAK]
  339 0000005E                 EXPORT           TIM8_CC_IRQHandler             
   [WEAK]
  340 0000005E                 EXPORT           DMA1_Stream7_IRQHandler        
   [WEAK]
  341 0000005E                 EXPORT           FSMC_IRQHandler                
   [WEAK]
  342 0000005E                 EXPORT           SDIO_IRQHandler                
   [WEAK]
  343 0000005E                 EXPORT           TIM5_IRQHandler                
   [WEAK]
  344 0000005E                 EXPORT           SPI3_IRQHandler                
   [WEAK]
  345 0000005E                 EXPORT           UART4_IRQHandler               
   [WEAK]
  346 0000005E                 EXPORT           UART5_IRQHandler               
   [WEAK]
  347 0000005E                 EXPORT           TIM6_DAC_IRQHandler            
   [WEAK]



ARM Macro Assembler    Page 10 


  348 0000005E                 EXPORT           TIM7_IRQHandler                
   [WEAK]
  349 0000005E                 EXPORT           DMA2_Stream0_IRQHandler        
   [WEAK]
  350 0000005E                 EXPORT           DMA2_Stream1_IRQHandler        
   [WEAK]
  351 0000005E                 EXPORT           DMA2_Stream2_IRQHandler        
   [WEAK]
  352 0000005E                 EXPORT           DMA2_Stream3_IRQHandler        
   [WEAK]
  353 0000005E                 EXPORT           DMA2_Stream4_IRQHandler        
   [WEAK]
  354 0000005E                 EXPORT           ETH_IRQHandler                 
   [WEAK]
  355 0000005E                 EXPORT           ETH_WKUP_IRQHandler            
   [WEAK]
  356 0000005E                 EXPORT           CAN2_TX_IRQHandler             
   [WEAK]
  357 0000005E                 EXPORT           CAN2_RX0_IRQHandler            
   [WEAK]
  358 0000005E                 EXPORT           CAN2_RX1_IRQHandler            
   [WEAK]
  359 0000005E                 EXPORT           CAN2_SCE_IRQHandler            
   [WEAK]
  360 0000005E                 EXPORT           OTG_FS_IRQHandler              
   [WEAK]
  361 0000005E                 EXPORT           DMA2_Stream5_IRQHandler        
   [WEAK]
  362 0000005E                 EXPORT           DMA2_Stream6_IRQHandler        
   [WEAK]
  363 0000005E                 EXPORT           DMA2_Stream7_IRQHandler        
   [WEAK]
  364 0000005E                 EXPORT           USART6_IRQHandler              
   [WEAK]
  365 0000005E                 EXPORT           I2C3_EV_IRQHandler             
   [WEAK]
  366 0000005E                 EXPORT           I2C3_ER_IRQHandler             
   [WEAK]
  367 0000005E                 EXPORT           OTG_HS_EP1_OUT_IRQHandler      
   [WEAK]
  368 0000005E                 EXPORT           OTG_HS_EP1_IN_IRQHandler       
   [WEAK]
  369 0000005E                 EXPORT           OTG_HS_WKUP_IRQHandler         
   [WEAK]
  370 0000005E                 EXPORT           OTG_HS_IRQHandler              
   [WEAK]
  371 0000005E                 EXPORT           DCMI_IRQHandler                
   [WEAK]
  372 0000005E                 EXPORT           CRYP_IRQHandler                
   [WEAK]
  373 0000005E                 EXPORT           HASH_RNG_IRQHandler            
   [WEAK]
  374 0000005E                 EXPORT           FPU_IRQHandler                 
   [WEAK]
  375 0000005E         
  376 0000005E         WWDG_IRQHandler
  377 0000005E         PVD_IRQHandler
  378 0000005E         TAMP_STAMP_IRQHandler
  379 0000005E         RTC_WKUP_IRQHandler



ARM Macro Assembler    Page 11 


  380 0000005E         FLASH_IRQHandler
  381 0000005E         RCC_IRQHandler
  382 0000005E         EXTI0_IRQHandler
  383 0000005E         EXTI1_IRQHandler
  384 0000005E         EXTI2_IRQHandler
  385 0000005E         EXTI3_IRQHandler
  386 0000005E         EXTI4_IRQHandler
  387 0000005E         DMA1_Stream0_IRQHandler
  388 0000005E         DMA1_Stream1_IRQHandler
  389 0000005E         DMA1_Stream2_IRQHandler
  390 0000005E         DMA1_Stream3_IRQHandler
  391 0000005E         DMA1_Stream4_IRQHandler
  392 0000005E         DMA1_Stream5_IRQHandler
  393 0000005E         DMA1_Stream6_IRQHandler
  394 0000005E         ADC_IRQHandler
  395 0000005E         CAN1_TX_IRQHandler
  396 0000005E         CAN1_RX0_IRQHandler
  397 0000005E         CAN1_RX1_IRQHandler
  398 0000005E         CAN1_SCE_IRQHandler
  399 0000005E         EXTI9_5_IRQHandler
  400 0000005E         TIM1_BRK_TIM9_IRQHandler
  401 0000005E         TIM1_UP_TIM10_IRQHandler
  402 0000005E         TIM1_TRG_COM_TIM11_IRQHandler
  403 0000005E         TIM1_CC_IRQHandler
  404 0000005E         TIM2_IRQHandler
  405 0000005E         TIM3_IRQHandler
  406 0000005E         TIM4_IRQHandler
  407 0000005E         I2C1_EV_IRQHandler
  408 0000005E         I2C1_ER_IRQHandler
  409 0000005E         I2C2_EV_IRQHandler
  410 0000005E         I2C2_ER_IRQHandler
  411 0000005E         SPI1_IRQHandler
  412 0000005E         SPI2_IRQHandler
  413 0000005E         USART1_IRQHandler
  414 0000005E         USART2_IRQHandler
  415 0000005E         USART3_IRQHandler
  416 0000005E         EXTI15_10_IRQHandler
  417 0000005E         RTC_Alarm_IRQHandler
  418 0000005E         OTG_FS_WKUP_IRQHandler
  419 0000005E         TIM8_BRK_TIM12_IRQHandler
  420 0000005E         TIM8_UP_TIM13_IRQHandler
  421 0000005E         TIM8_TRG_COM_TIM14_IRQHandler
  422 0000005E         TIM8_CC_IRQHandler
  423 0000005E         DMA1_Stream7_IRQHandler
  424 0000005E         FSMC_IRQHandler
  425 0000005E         SDIO_IRQHandler
  426 0000005E         TIM5_IRQHandler
  427 0000005E         SPI3_IRQHandler
  428 0000005E         UART4_IRQHandler
  429 0000005E         UART5_IRQHandler
  430 0000005E         TIM6_DAC_IRQHandler
  431 0000005E         TIM7_IRQHandler
  432 0000005E         DMA2_Stream0_IRQHandler
  433 0000005E         DMA2_Stream1_IRQHandler
  434 0000005E         DMA2_Stream2_IRQHandler
  435 0000005E         DMA2_Stream3_IRQHandler
  436 0000005E         DMA2_Stream4_IRQHandler
  437 0000005E         ETH_IRQHandler
  438 0000005E         ETH_WKUP_IRQHandler



ARM Macro Assembler    Page 12 


  439 0000005E         CAN2_TX_IRQHandler
  440 0000005E         CAN2_RX0_IRQHandler
  441 0000005E         CAN2_RX1_IRQHandler
  442 0000005E         CAN2_SCE_IRQHandler
  443 0000005E         OTG_FS_IRQHandler
  444 0000005E         DMA2_Stream5_IRQHandler
  445 0000005E         DMA2_Stream6_IRQHandler
  446 0000005E         DMA2_Stream7_IRQHandler
  447 0000005E         USART6_IRQHandler
  448 0000005E         I2C3_EV_IRQHandler
  449 0000005E         I2C3_ER_IRQHandler
  450 0000005E         OTG_HS_EP1_OUT_IRQHandler
  451 0000005E         OTG_HS_EP1_IN_IRQHandler
  452 0000005E         OTG_HS_WKUP_IRQHandler
  453 0000005E         OTG_HS_IRQHandler
  454 0000005E         DCMI_IRQHandler
  455 0000005E         CRYP_IRQHandler
  456 0000005E         HASH_RNG_IRQHandler
  457 0000005E         FPU_IRQHandler
  458 0000005E         
  459 0000005E E7FE            B                .
  460 00000060         
  461 00000060                 ENDP
  462 00000060         
  463 00000060                 ALIGN
  464 00000060         
  465 00000060         ;*******************************************************
                       ************************
  466 00000060         ; User Stack and Heap initialization
  467 00000060         ;*******************************************************
                       ************************
  468 00000060                 IF               :DEF:__MICROLIB
  469 00000060         
  470 00000060                 EXPORT           __initial_sp
  471 00000060                 EXPORT           __heap_base
  472 00000060                 EXPORT           __heap_limit
  473 00000060         
  474 00000060                 ELSE
  489                          ENDIF
  490 00000060         
  491 00000060                 END
              00000000 
              00000000 
              E000ED0C 
              05FA0004 
              40023844 
              40013800 
              1FFF0000 
              08020000 
Command Line: --debug --xref --cpu=Cortex-M4.fp --apcs=interwork --depend=.\ter
minus2\startup_stm32f40xx.d -o.\terminus2\startup_stm32f40xx.o -IC:\Keil\ARM\RV
31\INC -IC:\Keil\ARM\CMSIS\Include -IC:\Keil\ARM\Inc\ST\STM32F4xx --predefine="
__EVAL SETA 1" --predefine="__MICROLIB SETA 1" --list=.\terminus2\startup_stm32
f40xx.lst ..\startup_stm32f40xx.s



ARM Macro Assembler    Page 1 Alphabetic symbol ordering
Relocatable symbols

STACK 00000000

Symbol: STACK
   Definitions
      At line 44 in file ..\startup_stm32f40xx.s
   Uses
      None
Comment: STACK unused
Stack_Mem 00000000

Symbol: Stack_Mem
   Definitions
      At line 45 in file ..\startup_stm32f40xx.s
   Uses
      At line 40 in file ..\startup_stm32f40xx.s
Comment: Stack_Mem used once
__initial_sp 00001000

Symbol: __initial_sp
   Definitions
      At line 46 in file ..\startup_stm32f40xx.s
   Uses
      At line 70 in file ..\startup_stm32f40xx.s
      At line 470 in file ..\startup_stm32f40xx.s

3 symbols



ARM Macro Assembler    Page 1 Alphabetic symbol ordering
Relocatable symbols

HEAP 00000000

Symbol: HEAP
   Definitions
      At line 55 in file ..\startup_stm32f40xx.s
   Uses
      None
Comment: HEAP unused
Heap_Mem 00000000

Symbol: Heap_Mem
   Definitions
      At line 57 in file ..\startup_stm32f40xx.s
   Uses
      None
Comment: Heap_Mem unused
__heap_base 00000000

Symbol: __heap_base
   Definitions
      At line 56 in file ..\startup_stm32f40xx.s
   Uses
      At line 471 in file ..\startup_stm32f40xx.s
Comment: __heap_base used once
__heap_limit 00000200

Symbol: __heap_limit
   Definitions
      At line 58 in file ..\startup_stm32f40xx.s
   Uses
      At line 472 in file ..\startup_stm32f40xx.s
Comment: __heap_limit used once
4 symbols



ARM Macro Assembler    Page 1 Alphabetic symbol ordering
Relocatable symbols

RESET 00000000

Symbol: RESET
   Definitions
      At line 65 in file ..\startup_stm32f40xx.s
   Uses
      None
Comment: RESET unused
__Vectors 00000000

Symbol: __Vectors
   Definitions
      At line 70 in file ..\startup_stm32f40xx.s
   Uses
      At line 66 in file ..\startup_stm32f40xx.s
      At line 173 in file ..\startup_stm32f40xx.s

__Vectors_End 00000188

Symbol: __Vectors_End
   Definitions
      At line 171 in file ..\startup_stm32f40xx.s
   Uses
      At line 67 in file ..\startup_stm32f40xx.s
      At line 173 in file ..\startup_stm32f40xx.s

3 symbols



ARM Macro Assembler    Page 1 Alphabetic symbol ordering
Relocatable symbols

.text 00000000

Symbol: .text
   Definitions
      At line 179 in file ..\startup_stm32f40xx.s
   Uses
      None
Comment: .text unused
ADC_IRQHandler 0000005E

Symbol: ADC_IRQHandler
   Definitions
      At line 394 in file ..\startup_stm32f40xx.s
   Uses
      At line 106 in file ..\startup_stm32f40xx.s
      At line 311 in file ..\startup_stm32f40xx.s

BusFault_Handler 00000052

Symbol: BusFault_Handler
   Definitions
      At line 264 in file ..\startup_stm32f40xx.s
   Uses
      At line 75 in file ..\startup_stm32f40xx.s
      At line 265 in file ..\startup_stm32f40xx.s

CAN1_RX0_IRQHandler 0000005E

Symbol: CAN1_RX0_IRQHandler
   Definitions
      At line 396 in file ..\startup_stm32f40xx.s
   Uses
      At line 108 in file ..\startup_stm32f40xx.s
      At line 313 in file ..\startup_stm32f40xx.s

CAN1_RX1_IRQHandler 0000005E

Symbol: CAN1_RX1_IRQHandler
   Definitions
      At line 397 in file ..\startup_stm32f40xx.s
   Uses
      At line 109 in file ..\startup_stm32f40xx.s
      At line 314 in file ..\startup_stm32f40xx.s

CAN1_SCE_IRQHandler 0000005E

Symbol: CAN1_SCE_IRQHandler
   Definitions
      At line 398 in file ..\startup_stm32f40xx.s
   Uses
      At line 110 in file ..\startup_stm32f40xx.s
      At line 315 in file ..\startup_stm32f40xx.s

CAN1_TX_IRQHandler 0000005E

Symbol: CAN1_TX_IRQHandler
   Definitions
      At line 395 in file ..\startup_stm32f40xx.s
   Uses



ARM Macro Assembler    Page 2 Alphabetic symbol ordering
Relocatable symbols

      At line 107 in file ..\startup_stm32f40xx.s
      At line 312 in file ..\startup_stm32f40xx.s

CAN2_RX0_IRQHandler 0000005E

Symbol: CAN2_RX0_IRQHandler
   Definitions
      At line 440 in file ..\startup_stm32f40xx.s
   Uses
      At line 152 in file ..\startup_stm32f40xx.s
      At line 357 in file ..\startup_stm32f40xx.s

CAN2_RX1_IRQHandler 0000005E

Symbol: CAN2_RX1_IRQHandler
   Definitions
      At line 441 in file ..\startup_stm32f40xx.s
   Uses
      At line 153 in file ..\startup_stm32f40xx.s
      At line 358 in file ..\startup_stm32f40xx.s

CAN2_SCE_IRQHandler 0000005E

Symbol: CAN2_SCE_IRQHandler
   Definitions
      At line 442 in file ..\startup_stm32f40xx.s
   Uses
      At line 154 in file ..\startup_stm32f40xx.s
      At line 359 in file ..\startup_stm32f40xx.s

CAN2_TX_IRQHandler 0000005E

Symbol: CAN2_TX_IRQHandler
   Definitions
      At line 439 in file ..\startup_stm32f40xx.s
   Uses
      At line 151 in file ..\startup_stm32f40xx.s
      At line 356 in file ..\startup_stm32f40xx.s

CRYP_IRQHandler 0000005E

Symbol: CRYP_IRQHandler
   Definitions
      At line 455 in file ..\startup_stm32f40xx.s
   Uses
      At line 167 in file ..\startup_stm32f40xx.s
      At line 372 in file ..\startup_stm32f40xx.s

DCMI_IRQHandler 0000005E

Symbol: DCMI_IRQHandler
   Definitions
      At line 454 in file ..\startup_stm32f40xx.s
   Uses
      At line 166 in file ..\startup_stm32f40xx.s
      At line 371 in file ..\startup_stm32f40xx.s

DMA1_Stream0_IRQHandler 0000005E




ARM Macro Assembler    Page 3 Alphabetic symbol ordering
Relocatable symbols

Symbol: DMA1_Stream0_IRQHandler
   Definitions
      At line 387 in file ..\startup_stm32f40xx.s
   Uses
      At line 99 in file ..\startup_stm32f40xx.s
      At line 304 in file ..\startup_stm32f40xx.s

DMA1_Stream1_IRQHandler 0000005E

Symbol: DMA1_Stream1_IRQHandler
   Definitions
      At line 388 in file ..\startup_stm32f40xx.s
   Uses
      At line 100 in file ..\startup_stm32f40xx.s
      At line 305 in file ..\startup_stm32f40xx.s

DMA1_Stream2_IRQHandler 0000005E

Symbol: DMA1_Stream2_IRQHandler
   Definitions
      At line 389 in file ..\startup_stm32f40xx.s
   Uses
      At line 101 in file ..\startup_stm32f40xx.s
      At line 306 in file ..\startup_stm32f40xx.s

DMA1_Stream3_IRQHandler 0000005E

Symbol: DMA1_Stream3_IRQHandler
   Definitions
      At line 390 in file ..\startup_stm32f40xx.s
   Uses
      At line 102 in file ..\startup_stm32f40xx.s
      At line 307 in file ..\startup_stm32f40xx.s

DMA1_Stream4_IRQHandler 0000005E

Symbol: DMA1_Stream4_IRQHandler
   Definitions
      At line 391 in file ..\startup_stm32f40xx.s
   Uses
      At line 103 in file ..\startup_stm32f40xx.s
      At line 308 in file ..\startup_stm32f40xx.s

DMA1_Stream5_IRQHandler 0000005E

Symbol: DMA1_Stream5_IRQHandler
   Definitions
      At line 392 in file ..\startup_stm32f40xx.s
   Uses
      At line 104 in file ..\startup_stm32f40xx.s
      At line 309 in file ..\startup_stm32f40xx.s

DMA1_Stream6_IRQHandler 0000005E

Symbol: DMA1_Stream6_IRQHandler
   Definitions
      At line 393 in file ..\startup_stm32f40xx.s
   Uses
      At line 105 in file ..\startup_stm32f40xx.s



ARM Macro Assembler    Page 4 Alphabetic symbol ordering
Relocatable symbols

      At line 310 in file ..\startup_stm32f40xx.s

DMA1_Stream7_IRQHandler 0000005E

Symbol: DMA1_Stream7_IRQHandler
   Definitions
      At line 423 in file ..\startup_stm32f40xx.s
   Uses
      At line 135 in file ..\startup_stm32f40xx.s
      At line 340 in file ..\startup_stm32f40xx.s

DMA2_Stream0_IRQHandler 0000005E

Symbol: DMA2_Stream0_IRQHandler
   Definitions
      At line 432 in file ..\startup_stm32f40xx.s
   Uses
      At line 144 in file ..\startup_stm32f40xx.s
      At line 349 in file ..\startup_stm32f40xx.s

DMA2_Stream1_IRQHandler 0000005E

Symbol: DMA2_Stream1_IRQHandler
   Definitions
      At line 433 in file ..\startup_stm32f40xx.s
   Uses
      At line 145 in file ..\startup_stm32f40xx.s
      At line 350 in file ..\startup_stm32f40xx.s

DMA2_Stream2_IRQHandler 0000005E

Symbol: DMA2_Stream2_IRQHandler
   Definitions
      At line 434 in file ..\startup_stm32f40xx.s
   Uses
      At line 146 in file ..\startup_stm32f40xx.s
      At line 351 in file ..\startup_stm32f40xx.s

DMA2_Stream3_IRQHandler 0000005E

Symbol: DMA2_Stream3_IRQHandler
   Definitions
      At line 435 in file ..\startup_stm32f40xx.s
   Uses
      At line 147 in file ..\startup_stm32f40xx.s
      At line 352 in file ..\startup_stm32f40xx.s

DMA2_Stream4_IRQHandler 0000005E

Symbol: DMA2_Stream4_IRQHandler
   Definitions
      At line 436 in file ..\startup_stm32f40xx.s
   Uses
      At line 148 in file ..\startup_stm32f40xx.s
      At line 353 in file ..\startup_stm32f40xx.s

DMA2_Stream5_IRQHandler 0000005E

Symbol: DMA2_Stream5_IRQHandler



ARM Macro Assembler    Page 5 Alphabetic symbol ordering
Relocatable symbols

   Definitions
      At line 444 in file ..\startup_stm32f40xx.s
   Uses
      At line 156 in file ..\startup_stm32f40xx.s
      At line 361 in file ..\startup_stm32f40xx.s

DMA2_Stream6_IRQHandler 0000005E

Symbol: DMA2_Stream6_IRQHandler
   Definitions
      At line 445 in file ..\startup_stm32f40xx.s
   Uses
      At line 157 in file ..\startup_stm32f40xx.s
      At line 362 in file ..\startup_stm32f40xx.s

DMA2_Stream7_IRQHandler 0000005E

Symbol: DMA2_Stream7_IRQHandler
   Definitions
      At line 446 in file ..\startup_stm32f40xx.s
   Uses
      At line 158 in file ..\startup_stm32f40xx.s
      At line 363 in file ..\startup_stm32f40xx.s

DebugMon_Handler 00000058

Symbol: DebugMon_Handler
   Definitions
      At line 278 in file ..\startup_stm32f40xx.s
   Uses
      At line 82 in file ..\startup_stm32f40xx.s
      At line 279 in file ..\startup_stm32f40xx.s

Default_Handler 0000005E

Symbol: Default_Handler
   Definitions
      At line 291 in file ..\startup_stm32f40xx.s
   Uses
      None
Comment: Default_Handler unused
ETH_IRQHandler 0000005E

Symbol: ETH_IRQHandler
   Definitions
      At line 437 in file ..\startup_stm32f40xx.s
   Uses
      At line 149 in file ..\startup_stm32f40xx.s
      At line 354 in file ..\startup_stm32f40xx.s

ETH_WKUP_IRQHandler 0000005E

Symbol: ETH_WKUP_IRQHandler
   Definitions
      At line 438 in file ..\startup_stm32f40xx.s
   Uses
      At line 150 in file ..\startup_stm32f40xx.s
      At line 355 in file ..\startup_stm32f40xx.s




ARM Macro Assembler    Page 6 Alphabetic symbol ordering
Relocatable symbols

EXTI0_IRQHandler 0000005E

Symbol: EXTI0_IRQHandler
   Definitions
      At line 382 in file ..\startup_stm32f40xx.s
   Uses
      At line 94 in file ..\startup_stm32f40xx.s
      At line 299 in file ..\startup_stm32f40xx.s

EXTI15_10_IRQHandler 0000005E

Symbol: EXTI15_10_IRQHandler
   Definitions
      At line 416 in file ..\startup_stm32f40xx.s
   Uses
      At line 128 in file ..\startup_stm32f40xx.s
      At line 333 in file ..\startup_stm32f40xx.s

EXTI1_IRQHandler 0000005E

Symbol: EXTI1_IRQHandler
   Definitions
      At line 383 in file ..\startup_stm32f40xx.s
   Uses
      At line 95 in file ..\startup_stm32f40xx.s
      At line 300 in file ..\startup_stm32f40xx.s

EXTI2_IRQHandler 0000005E

Symbol: EXTI2_IRQHandler
   Definitions
      At line 384 in file ..\startup_stm32f40xx.s
   Uses
      At line 96 in file ..\startup_stm32f40xx.s
      At line 301 in file ..\startup_stm32f40xx.s

EXTI3_IRQHandler 0000005E

Symbol: EXTI3_IRQHandler
   Definitions
      At line 385 in file ..\startup_stm32f40xx.s
   Uses
      At line 97 in file ..\startup_stm32f40xx.s
      At line 302 in file ..\startup_stm32f40xx.s

EXTI4_IRQHandler 0000005E

Symbol: EXTI4_IRQHandler
   Definitions
      At line 386 in file ..\startup_stm32f40xx.s
   Uses
      At line 98 in file ..\startup_stm32f40xx.s
      At line 303 in file ..\startup_stm32f40xx.s

EXTI9_5_IRQHandler 0000005E

Symbol: EXTI9_5_IRQHandler
   Definitions
      At line 399 in file ..\startup_stm32f40xx.s



ARM Macro Assembler    Page 7 Alphabetic symbol ordering
Relocatable symbols

   Uses
      At line 111 in file ..\startup_stm32f40xx.s
      At line 316 in file ..\startup_stm32f40xx.s

FLASH_IRQHandler 0000005E

Symbol: FLASH_IRQHandler
   Definitions
      At line 380 in file ..\startup_stm32f40xx.s
   Uses
      At line 92 in file ..\startup_stm32f40xx.s
      At line 297 in file ..\startup_stm32f40xx.s

FPU_IRQHandler 0000005E

Symbol: FPU_IRQHandler
   Definitions
      At line 457 in file ..\startup_stm32f40xx.s
   Uses
      At line 169 in file ..\startup_stm32f40xx.s
      At line 374 in file ..\startup_stm32f40xx.s

FSMC_IRQHandler 0000005E

Symbol: FSMC_IRQHandler
   Definitions
      At line 424 in file ..\startup_stm32f40xx.s
   Uses
      At line 136 in file ..\startup_stm32f40xx.s
      At line 341 in file ..\startup_stm32f40xx.s

HASH_RNG_IRQHandler 0000005E

Symbol: HASH_RNG_IRQHandler
   Definitions
      At line 456 in file ..\startup_stm32f40xx.s
   Uses
      At line 168 in file ..\startup_stm32f40xx.s
      At line 373 in file ..\startup_stm32f40xx.s

HardFault_Handler 0000003C

Symbol: HardFault_Handler
   Definitions
      At line 242 in file ..\startup_stm32f40xx.s
   Uses
      At line 73 in file ..\startup_stm32f40xx.s
      At line 244 in file ..\startup_stm32f40xx.s

I2C1_ER_IRQHandler 0000005E

Symbol: I2C1_ER_IRQHandler
   Definitions
      At line 408 in file ..\startup_stm32f40xx.s
   Uses
      At line 120 in file ..\startup_stm32f40xx.s
      At line 325 in file ..\startup_stm32f40xx.s

I2C1_EV_IRQHandler 0000005E



ARM Macro Assembler    Page 8 Alphabetic symbol ordering
Relocatable symbols


Symbol: I2C1_EV_IRQHandler
   Definitions
      At line 407 in file ..\startup_stm32f40xx.s
   Uses
      At line 119 in file ..\startup_stm32f40xx.s
      At line 324 in file ..\startup_stm32f40xx.s

I2C2_ER_IRQHandler 0000005E

Symbol: I2C2_ER_IRQHandler
   Definitions
      At line 410 in file ..\startup_stm32f40xx.s
   Uses
      At line 122 in file ..\startup_stm32f40xx.s
      At line 327 in file ..\startup_stm32f40xx.s

I2C2_EV_IRQHandler 0000005E

Symbol: I2C2_EV_IRQHandler
   Definitions
      At line 409 in file ..\startup_stm32f40xx.s
   Uses
      At line 121 in file ..\startup_stm32f40xx.s
      At line 326 in file ..\startup_stm32f40xx.s

I2C3_ER_IRQHandler 0000005E

Symbol: I2C3_ER_IRQHandler
   Definitions
      At line 449 in file ..\startup_stm32f40xx.s
   Uses
      At line 161 in file ..\startup_stm32f40xx.s
      At line 366 in file ..\startup_stm32f40xx.s

I2C3_EV_IRQHandler 0000005E

Symbol: I2C3_EV_IRQHandler
   Definitions
      At line 448 in file ..\startup_stm32f40xx.s
   Uses
      At line 160 in file ..\startup_stm32f40xx.s
      At line 365 in file ..\startup_stm32f40xx.s

MemManage_Handler 00000050

Symbol: MemManage_Handler
   Definitions
      At line 259 in file ..\startup_stm32f40xx.s
   Uses
      At line 74 in file ..\startup_stm32f40xx.s
      At line 260 in file ..\startup_stm32f40xx.s

NMI_Handler 0000003A

Symbol: NMI_Handler
   Definitions
      At line 237 in file ..\startup_stm32f40xx.s
   Uses



ARM Macro Assembler    Page 9 Alphabetic symbol ordering
Relocatable symbols

      At line 72 in file ..\startup_stm32f40xx.s
      At line 238 in file ..\startup_stm32f40xx.s

OTG_FS_IRQHandler 0000005E

Symbol: OTG_FS_IRQHandler
   Definitions
      At line 443 in file ..\startup_stm32f40xx.s
   Uses
      At line 155 in file ..\startup_stm32f40xx.s
      At line 360 in file ..\startup_stm32f40xx.s

OTG_FS_WKUP_IRQHandler 0000005E

Symbol: OTG_FS_WKUP_IRQHandler
   Definitions
      At line 418 in file ..\startup_stm32f40xx.s
   Uses
      At line 130 in file ..\startup_stm32f40xx.s
      At line 335 in file ..\startup_stm32f40xx.s

OTG_HS_EP1_IN_IRQHandler 0000005E

Symbol: OTG_HS_EP1_IN_IRQHandler
   Definitions
      At line 451 in file ..\startup_stm32f40xx.s
   Uses
      At line 163 in file ..\startup_stm32f40xx.s
      At line 368 in file ..\startup_stm32f40xx.s

OTG_HS_EP1_OUT_IRQHandler 0000005E

Symbol: OTG_HS_EP1_OUT_IRQHandler
   Definitions
      At line 450 in file ..\startup_stm32f40xx.s
   Uses
      At line 162 in file ..\startup_stm32f40xx.s
      At line 367 in file ..\startup_stm32f40xx.s

OTG_HS_IRQHandler 0000005E

Symbol: OTG_HS_IRQHandler
   Definitions
      At line 453 in file ..\startup_stm32f40xx.s
   Uses
      At line 165 in file ..\startup_stm32f40xx.s
      At line 370 in file ..\startup_stm32f40xx.s

OTG_HS_WKUP_IRQHandler 0000005E

Symbol: OTG_HS_WKUP_IRQHandler
   Definitions
      At line 452 in file ..\startup_stm32f40xx.s
   Uses
      At line 164 in file ..\startup_stm32f40xx.s
      At line 369 in file ..\startup_stm32f40xx.s

PVD_IRQHandler 0000005E




ARM Macro Assembler    Page 10 Alphabetic symbol ordering
Relocatable symbols

Symbol: PVD_IRQHandler
   Definitions
      At line 377 in file ..\startup_stm32f40xx.s
   Uses
      At line 89 in file ..\startup_stm32f40xx.s
      At line 294 in file ..\startup_stm32f40xx.s

PendSV_Handler 0000005A

Symbol: PendSV_Handler
   Definitions
      At line 282 in file ..\startup_stm32f40xx.s
   Uses
      At line 84 in file ..\startup_stm32f40xx.s
      At line 283 in file ..\startup_stm32f40xx.s

RCC_IRQHandler 0000005E

Symbol: RCC_IRQHandler
   Definitions
      At line 381 in file ..\startup_stm32f40xx.s
   Uses
      At line 93 in file ..\startup_stm32f40xx.s
      At line 298 in file ..\startup_stm32f40xx.s

RTC_Alarm_IRQHandler 0000005E

Symbol: RTC_Alarm_IRQHandler
   Definitions
      At line 417 in file ..\startup_stm32f40xx.s
   Uses
      At line 129 in file ..\startup_stm32f40xx.s
      At line 334 in file ..\startup_stm32f40xx.s

RTC_WKUP_IRQHandler 0000005E

Symbol: RTC_WKUP_IRQHandler
   Definitions
      At line 379 in file ..\startup_stm32f40xx.s
   Uses
      At line 91 in file ..\startup_stm32f40xx.s
      At line 296 in file ..\startup_stm32f40xx.s

Reboot_Application 00000030

Symbol: Reboot_Application
   Definitions
      At line 225 in file ..\startup_stm32f40xx.s
   Uses
      At line 226 in file ..\startup_stm32f40xx.s
Comment: Reboot_Application used once
Reboot_Loader 00000014

Symbol: Reboot_Loader
   Definitions
      At line 207 in file ..\startup_stm32f40xx.s
   Uses
      At line 208 in file ..\startup_stm32f40xx.s
Comment: Reboot_Loader used once



ARM Macro Assembler    Page 11 Alphabetic symbol ordering
Relocatable symbols

Reset_Handler 00000000

Symbol: Reset_Handler
   Definitions
      At line 182 in file ..\startup_stm32f40xx.s
   Uses
      At line 71 in file ..\startup_stm32f40xx.s
      At line 183 in file ..\startup_stm32f40xx.s

SDIO_IRQHandler 0000005E

Symbol: SDIO_IRQHandler
   Definitions
      At line 425 in file ..\startup_stm32f40xx.s
   Uses
      At line 137 in file ..\startup_stm32f40xx.s
      At line 342 in file ..\startup_stm32f40xx.s

SPI1_IRQHandler 0000005E

Symbol: SPI1_IRQHandler
   Definitions
      At line 411 in file ..\startup_stm32f40xx.s
   Uses
      At line 123 in file ..\startup_stm32f40xx.s
      At line 328 in file ..\startup_stm32f40xx.s

SPI2_IRQHandler 0000005E

Symbol: SPI2_IRQHandler
   Definitions
      At line 412 in file ..\startup_stm32f40xx.s
   Uses
      At line 124 in file ..\startup_stm32f40xx.s
      At line 329 in file ..\startup_stm32f40xx.s

SPI3_IRQHandler 0000005E

Symbol: SPI3_IRQHandler
   Definitions
      At line 427 in file ..\startup_stm32f40xx.s
   Uses
      At line 139 in file ..\startup_stm32f40xx.s
      At line 344 in file ..\startup_stm32f40xx.s

SVC_Handler 00000056

Symbol: SVC_Handler
   Definitions
      At line 273 in file ..\startup_stm32f40xx.s
   Uses
      At line 81 in file ..\startup_stm32f40xx.s
      At line 274 in file ..\startup_stm32f40xx.s

SysTick_Handler 0000005C

Symbol: SysTick_Handler
   Definitions
      At line 286 in file ..\startup_stm32f40xx.s



ARM Macro Assembler    Page 12 Alphabetic symbol ordering
Relocatable symbols

   Uses
      At line 85 in file ..\startup_stm32f40xx.s
      At line 287 in file ..\startup_stm32f40xx.s

SystemReset 00000008

Symbol: SystemReset
   Definitions
      At line 194 in file ..\startup_stm32f40xx.s
   Uses
      At line 195 in file ..\startup_stm32f40xx.s
Comment: SystemReset used once
TAMP_STAMP_IRQHandler 0000005E

Symbol: TAMP_STAMP_IRQHandler
   Definitions
      At line 378 in file ..\startup_stm32f40xx.s
   Uses
      At line 90 in file ..\startup_stm32f40xx.s
      At line 295 in file ..\startup_stm32f40xx.s

TIM1_BRK_TIM9_IRQHandler 0000005E

Symbol: TIM1_BRK_TIM9_IRQHandler
   Definitions
      At line 400 in file ..\startup_stm32f40xx.s
   Uses
      At line 112 in file ..\startup_stm32f40xx.s
      At line 317 in file ..\startup_stm32f40xx.s

TIM1_CC_IRQHandler 0000005E

Symbol: TIM1_CC_IRQHandler
   Definitions
      At line 403 in file ..\startup_stm32f40xx.s
   Uses
      At line 115 in file ..\startup_stm32f40xx.s
      At line 320 in file ..\startup_stm32f40xx.s

TIM1_TRG_COM_TIM11_IRQHandler 0000005E

Symbol: TIM1_TRG_COM_TIM11_IRQHandler
   Definitions
      At line 402 in file ..\startup_stm32f40xx.s
   Uses
      At line 114 in file ..\startup_stm32f40xx.s
      At line 319 in file ..\startup_stm32f40xx.s

TIM1_UP_TIM10_IRQHandler 0000005E

Symbol: TIM1_UP_TIM10_IRQHandler
   Definitions
      At line 401 in file ..\startup_stm32f40xx.s
   Uses
      At line 113 in file ..\startup_stm32f40xx.s
      At line 318 in file ..\startup_stm32f40xx.s

TIM2_IRQHandler 0000005E




ARM Macro Assembler    Page 13 Alphabetic symbol ordering
Relocatable symbols

Symbol: TIM2_IRQHandler
   Definitions
      At line 404 in file ..\startup_stm32f40xx.s
   Uses
      At line 116 in file ..\startup_stm32f40xx.s
      At line 321 in file ..\startup_stm32f40xx.s

TIM3_IRQHandler 0000005E

Symbol: TIM3_IRQHandler
   Definitions
      At line 405 in file ..\startup_stm32f40xx.s
   Uses
      At line 117 in file ..\startup_stm32f40xx.s
      At line 322 in file ..\startup_stm32f40xx.s

TIM4_IRQHandler 0000005E

Symbol: TIM4_IRQHandler
   Definitions
      At line 406 in file ..\startup_stm32f40xx.s
   Uses
      At line 118 in file ..\startup_stm32f40xx.s
      At line 323 in file ..\startup_stm32f40xx.s

TIM5_IRQHandler 0000005E

Symbol: TIM5_IRQHandler
   Definitions
      At line 426 in file ..\startup_stm32f40xx.s
   Uses
      At line 138 in file ..\startup_stm32f40xx.s
      At line 343 in file ..\startup_stm32f40xx.s

TIM6_DAC_IRQHandler 0000005E

Symbol: TIM6_DAC_IRQHandler
   Definitions
      At line 430 in file ..\startup_stm32f40xx.s
   Uses
      At line 142 in file ..\startup_stm32f40xx.s
      At line 347 in file ..\startup_stm32f40xx.s

TIM7_IRQHandler 0000005E

Symbol: TIM7_IRQHandler
   Definitions
      At line 431 in file ..\startup_stm32f40xx.s
   Uses
      At line 143 in file ..\startup_stm32f40xx.s
      At line 348 in file ..\startup_stm32f40xx.s

TIM8_BRK_TIM12_IRQHandler 0000005E

Symbol: TIM8_BRK_TIM12_IRQHandler
   Definitions
      At line 419 in file ..\startup_stm32f40xx.s
   Uses
      At line 131 in file ..\startup_stm32f40xx.s



ARM Macro Assembler    Page 14 Alphabetic symbol ordering
Relocatable symbols

      At line 336 in file ..\startup_stm32f40xx.s

TIM8_CC_IRQHandler 0000005E

Symbol: TIM8_CC_IRQHandler
   Definitions
      At line 422 in file ..\startup_stm32f40xx.s
   Uses
      At line 134 in file ..\startup_stm32f40xx.s
      At line 339 in file ..\startup_stm32f40xx.s

TIM8_TRG_COM_TIM14_IRQHandler 0000005E

Symbol: TIM8_TRG_COM_TIM14_IRQHandler
   Definitions
      At line 421 in file ..\startup_stm32f40xx.s
   Uses
      At line 133 in file ..\startup_stm32f40xx.s
      At line 338 in file ..\startup_stm32f40xx.s

TIM8_UP_TIM13_IRQHandler 0000005E

Symbol: TIM8_UP_TIM13_IRQHandler
   Definitions
      At line 420 in file ..\startup_stm32f40xx.s
   Uses
      At line 132 in file ..\startup_stm32f40xx.s
      At line 337 in file ..\startup_stm32f40xx.s

UART4_IRQHandler 0000005E

Symbol: UART4_IRQHandler
   Definitions
      At line 428 in file ..\startup_stm32f40xx.s
   Uses
      At line 140 in file ..\startup_stm32f40xx.s
      At line 345 in file ..\startup_stm32f40xx.s

UART5_IRQHandler 0000005E

Symbol: UART5_IRQHandler
   Definitions
      At line 429 in file ..\startup_stm32f40xx.s
   Uses
      At line 141 in file ..\startup_stm32f40xx.s
      At line 346 in file ..\startup_stm32f40xx.s

USART1_IRQHandler 0000005E

Symbol: USART1_IRQHandler
   Definitions
      At line 413 in file ..\startup_stm32f40xx.s
   Uses
      At line 125 in file ..\startup_stm32f40xx.s
      At line 330 in file ..\startup_stm32f40xx.s

USART2_IRQHandler 0000005E

Symbol: USART2_IRQHandler



ARM Macro Assembler    Page 15 Alphabetic symbol ordering
Relocatable symbols

   Definitions
      At line 414 in file ..\startup_stm32f40xx.s
   Uses
      At line 126 in file ..\startup_stm32f40xx.s
      At line 331 in file ..\startup_stm32f40xx.s

USART3_IRQHandler 0000005E

Symbol: USART3_IRQHandler
   Definitions
      At line 415 in file ..\startup_stm32f40xx.s
   Uses
      At line 127 in file ..\startup_stm32f40xx.s
      At line 332 in file ..\startup_stm32f40xx.s

USART6_IRQHandler 0000005E

Symbol: USART6_IRQHandler
   Definitions
      At line 447 in file ..\startup_stm32f40xx.s
   Uses
      At line 159 in file ..\startup_stm32f40xx.s
      At line 364 in file ..\startup_stm32f40xx.s

UsageFault_Handler 00000054

Symbol: UsageFault_Handler
   Definitions
      At line 269 in file ..\startup_stm32f40xx.s
   Uses
      At line 76 in file ..\startup_stm32f40xx.s
      At line 270 in file ..\startup_stm32f40xx.s

WWDG_IRQHandler 0000005E

Symbol: WWDG_IRQHandler
   Definitions
      At line 376 in file ..\startup_stm32f40xx.s
   Uses
      At line 88 in file ..\startup_stm32f40xx.s
      At line 293 in file ..\startup_stm32f40xx.s

97 symbols



ARM Macro Assembler    Page 1 Alphabetic symbol ordering
Absolute symbols

Heap_Size 00000200

Symbol: Heap_Size
   Definitions
      At line 53 in file ..\startup_stm32f40xx.s
   Uses
      At line 57 in file ..\startup_stm32f40xx.s
Comment: Heap_Size used once
Stack_Size 00001000

Symbol: Stack_Size
   Definitions
      At line 42 in file ..\startup_stm32f40xx.s
   Uses
      At line 39 in file ..\startup_stm32f40xx.s
      At line 45 in file ..\startup_stm32f40xx.s

__Vectors_Size 00000188

Symbol: __Vectors_Size
   Definitions
      At line 173 in file ..\startup_stm32f40xx.s
   Uses
      At line 68 in file ..\startup_stm32f40xx.s
Comment: __Vectors_Size used once
3 symbols



ARM Macro Assembler    Page 1 Alphabetic symbol ordering
External symbols

SystemInit 00000000

Symbol: SystemInit
   Definitions
      At line 184 in file ..\startup_stm32f40xx.s
   Uses
      At line 186 in file ..\startup_stm32f40xx.s
Comment: SystemInit used once
__main 00000000

Symbol: __main
   Definitions
      At line 185 in file ..\startup_stm32f40xx.s
   Uses
      At line 188 in file ..\startup_stm32f40xx.s
Comment: __main used once
hard_fault_handler_c 00000000

Symbol: hard_fault_handler_c
   Definitions
      At line 253 in file ..\startup_stm32f40xx.s
   Uses
      At line 254 in file ..\startup_stm32f40xx.s
Comment: hard_fault_handler_c used once
3 symbols
448 symbols in table
